<?xml version="1.0" encoding="UTF-8"?>
<!-- Generated by org.testng.reporters.JUnitReportReporter -->
<testsuite skipped="0" hostname="DESKTOP-2OSB3VV" name="com.testcases.FacebookLoginTestCase" tests="1" failures="0" timestamp="16 Sep 2020 07:48:50 GMT" time="0.709" errors="0">
  <testcase name="login" time="0.709" classname="com.testcases.FacebookLoginTestCase"/>
</testsuite> <!-- com.testcases.FacebookLoginTestCase -->
